<?xml version="1.0" encoding="UTF-8"?>
<!-- Generated by org.testng.reporters.JUnitReportReporter -->
<testsuite hostname="LENOVO" failures="0" tests="2" name="com.policybazar.qa.test.LoginPageTest" time="0.221" errors="0" timestamp="2023-08-30T20:26:17 IST" skipped="0">
  <testcase classname="com.policybazar.qa.test.LoginPageTest" name="verifyPageTitle" time="0.059"/>
  <system-out>
    <![CDATA[getting the page title]]>
  </system-out>
  <testcase classname="com.policybazar.qa.test.LoginPageTest" name="verifyMyAccountIsDisplayed" time="0.162"/>
  <system-out>
    <![CDATA[getting the result of is my account display]]>
  </system-out>
</testsuite> <!-- com.policybazar.qa.test.LoginPageTest -->
